<?xml version="1.0" encoding="UTF-8"?>
<!-- Generated by org.testng.reporters.JUnitReportReporter -->
<testsuite skipped="0" hostname="DESKTOP-NJ9D9LR" name="Extent.Reports.LoginTest" tests="1" failures="0" timestamp="2023-04-09T22:28:29 IST" time="0.736" errors="0">
  <testcase name="login" time="0.736" classname="Extent.Reports.LoginTest"/>
</testsuite> <!-- Extent.Reports.LoginTest -->
