<?xml version="1.0" encoding="UTF-8"?>
<!-- Generated by org.testng.reporters.JUnitReportReporter -->
<testsuite skipped="0" hostname="DESKTOP-N2TI1V1" name="suitea.SakraWorld" tests="1" failures="0" timestamp="2023-06-01T00:32:12 IST" time="20.119" errors="0">
  <testcase name="appointmentTest" time="20.119" classname="suitea.SakraWorld"/>
  <system-out/>
</testsuite> <!-- suitea.SakraWorld -->
