<?xml version="1.0" encoding="UTF-8"?>
<!-- Generated by org.testng.reporters.JUnitReportReporter -->
<testsuite skipped="0" hostname="DESKTOP-N2TI1V1" name="suitea.TesClass" tests="1" failures="0" timestamp="2023-06-01T00:12:31 IST" time="12.542" errors="0">
  <testcase name="testtt" time="12.542" classname="suitea.TesClass"/>
  <system-out/>
</testsuite> <!-- suitea.TesClass -->
