<?xml version="1.0" encoding="UTF-8"?>
<!-- Generated by org.testng.reporters.JUnitReportReporter -->
<testsuite skipped="0" hostname="DESKTOP-N2TI1V1" name="com.POMProject.LoginTest" tests="1" failures="0" timestamp="2023-07-24T00:58:51 IST" time="5.345" errors="0">
  <testcase name="loginTest" time="5.345" classname="com.POMProject.LoginTest"/>
</testsuite> <!-- com.POMProject.LoginTest -->
