<?xml version="1.0" encoding="UTF-8"?>
<!-- Generated by org.testng.reporters.JUnitReportReporter -->
<testsuite skipped="0" hostname="DESKTOP-NJ9D9LR" name="suiteC.testC" tests="2" failures="0" timestamp="2022-09-25T09:36:30 IST" time="4.160" errors="0">
  <testcase name="TestC" time="2.103" classname="suiteC.testC"/>
  <system-out/>
  <testcase name="TestC" time="2.057" classname="suiteC.testC"/>
  <system-out/>
</testsuite> <!-- suiteC.testC -->
