<?xml version="1.0" encoding="UTF-8"?>
<!-- Generated by org.testng.reporters.JUnitReportReporter -->
<testsuite skipped="0" hostname="DESKTOP-NJ9D9LR" name="suiteC.testCC" tests="2" failures="0" timestamp="2022-09-25T09:36:30 IST" time="4.167" errors="0">
  <testcase name="TestCC" time="2.114" classname="suiteC.testCC"/>
  <system-out/>
  <testcase name="TestCC" time="2.053" classname="suiteC.testCC"/>
  <system-out/>
</testsuite> <!-- suiteC.testCC -->
