<?xml version="1.0" encoding="UTF-8"?>
<!-- Generated by org.testng.reporters.JUnitReportReporter -->
<testsuite skipped="0" hostname="DESKTOP-NJ9D9LR" name="suiteA.testAA" tests="2" failures="0" timestamp="2022-09-25T09:36:30 IST" time="4.174" errors="0">
  <testcase name="TestAA" time="2.073" classname="suiteA.testAA"/>
  <system-out/>
  <testcase name="TestAA" time="2.101" classname="suiteA.testAA"/>
  <system-out/>
</testsuite> <!-- suiteA.testAA -->
