<?xml version="1.0" encoding="UTF-8"?>
<!-- Generated by org.testng.reporters.JUnitReportReporter -->
<testsuite skipped="0" hostname="DESKTOP-NJ9D9LR" name="suiteA.testA" tests="2" failures="0" timestamp="2022-09-25T09:36:30 IST" time="4.997" errors="0">
  <testcase name="TestA" time="2.477" classname="suiteA.testA"/>
  <system-out/>
  <testcase name="TestA" time="2.520" classname="suiteA.testA"/>
  <system-out/>
</testsuite> <!-- suiteA.testA -->
