<?xml version="1.0" encoding="UTF-8"?>
<!-- Generated by org.testng.reporters.JUnitReportReporter -->
<testsuite skipped="0" hostname="DESKTOP-NJ9D9LR" name="suiteB.testB" tests="2" failures="0" timestamp="2022-09-25T09:36:30 IST" time="4.159" errors="0">
  <testcase name="TestB" time="2.076" classname="suiteB.testB"/>
  <system-out/>
  <testcase name="TestB" time="2.083" classname="suiteB.testB"/>
  <system-out/>
</testsuite> <!-- suiteB.testB -->
