<?xml version="1.0" encoding="UTF-8"?>
<!-- Generated by org.testng.reporters.JUnitReportReporter -->
<testsuite skipped="0" hostname="DESKTOP-NJ9D9LR" name="suiteB.testBB" tests="2" failures="0" timestamp="2022-09-25T09:36:30 IST" time="4.244" errors="0">
  <testcase name="TestBB" time="2.189" classname="suiteB.testBB"/>
  <system-out/>
  <testcase name="TestBB" time="2.055" classname="suiteB.testBB"/>
  <system-out/>
</testsuite> <!-- suiteB.testBB -->
