<?xml version="1.0" encoding="UTF-8"?>
<!-- Generated by org.testng.reporters.JUnitReportReporter -->
<testsuite skipped="0" hostname="DESKTOP-NJ9D9LR" name="com.ExtentReport_Generation.LoginTest" tests="1" failures="0" timestamp="2022-08-21T23:34:41 IST" time="0.013" errors="0">
  <testcase name="login" time="0.013" classname="com.ExtentReport_Generation.LoginTest"/>
</testsuite> <!-- com.ExtentReport_Generation.LoginTest -->
