<?xml version="1.0" encoding="UTF-8"?>
<!-- Generated by org.testng.reporters.JUnitReportReporter -->
<testsuite skipped="0" hostname="DESKTOP-NJ9D9LR" name="suiteA.TestAA" tests="2" failures="0" timestamp="2023-04-15T00:06:48 IST" time="4.106" errors="0">
  <testcase name="testAA" time="2.063" classname="suiteA.TestAA"/>
  <system-out/>
  <testcase name="testAA" time="2.043" classname="suiteA.TestAA"/>
  <system-out/>
</testsuite> <!-- suiteA.TestAA -->
