<?xml version="1.0" encoding="UTF-8"?>
<!-- Generated by org.testng.reporters.JUnitReportReporter -->
<testsuite skipped="0" hostname="DESKTOP-N2TI1V1" name="WebDriver.Commands.takesScreenshot" tests="1" failures="0" timestamp="2023-05-23T10:20:50 IST" time="21.338" errors="0">
  <testcase name="screenshot" time="21.338" classname="WebDriver.Commands.takesScreenshot"/>
</testsuite> <!-- WebDriver.Commands.takesScreenshot -->
