<?xml version="1.0" encoding="UTF-8"?>
<!-- Generated by org.testng.reporters.JUnitReportReporter -->
<testsuite skipped="0" hostname="DESKTOP-N2TI1V1" name="WebDriver.Commands.actionsAndJavaScriptExe" tests="1" failures="0" timestamp="2023-07-13T00:09:13 IST" time="9.573" errors="0">
  <testcase name="testAmericanGolf" time="9.573" classname="WebDriver.Commands.actionsAndJavaScriptExe"/>
</testsuite> <!-- WebDriver.Commands.actionsAndJavaScriptExe -->
