<?xml version="1.0" encoding="UTF-8"?>
<!-- Generated by org.testng.reporters.JUnitReportReporter -->
<testsuite skipped="0" hostname="DESKTOP-N2TI1V1" name="WebDriver.Commands.jobServe" tests="1" failures="0" timestamp="2023-06-21T05:33:04 IST" time="8.138" errors="0">
  <testcase name="jobservmeTest" time="8.138" classname="WebDriver.Commands.jobServe"/>
</testsuite> <!-- WebDriver.Commands.jobServe -->
