<?xml version="1.0" encoding="UTF-8"?>
<!-- Generated by org.testng.reporters.JUnitReportReporter -->
<testsuite skipped="0" hostname="DESKTOP-NJ9D9LR" name="testNg.NewProjectTestNg.AppTest" tests="1" failures="0" timestamp="2023-04-05T22:55:57 IST" time="0.003" errors="0">
  <testcase name="testApp" time="0.003" classname="testNg.NewProjectTestNg.AppTest"/>
  <system-out/>
</testsuite> <!-- testNg.NewProjectTestNg.AppTest -->
