<?xml version="1.0" encoding="UTF-8"?>
<!-- Generated by org.testng.reporters.JUnitReportReporter -->
<testsuite skipped="0" hostname="DESKTOP-NJ9D9LR" name="suiteA.TestAA" tests="3" failures="0" timestamp="2023-04-22T13:55:29 IST" time="6.146" errors="0">
  <testcase name="testAA" time="2.023" classname="suiteA.TestAA"/>
  <system-out/>
  <testcase name="testAA" time="2.026" classname="suiteA.TestAA"/>
  <system-out/>
  <testcase name="testAA" time="2.097" classname="suiteA.TestAA"/>
  <system-out/>
</testsuite> <!-- suiteA.TestAA -->
